2025-01-08 20:49:47.901 [Test worker] DEBUG o.s.test.util.ReflectionTestUtils - Setting field 'updaterBatchSize' of type [null] on target object [school.faang.user_service.scheduler.premium.PremiumRemover@5f409872] or target class [class school.faang.user_service.scheduler.premium.PremiumRemover] to value [50]
2025-01-08 20:49:47.948 [Test worker] INFO  s.f.u.s.premium.PremiumRemover - updating premiums are working
2025-01-08 20:49:47.966 [ForkJoinPool.commonPool-worker-1] INFO  s.f.u.s.premium.PremiumRemover - premiums deleted
2025-01-08 20:49:48.000 [Test worker] DEBUG o.s.test.util.ReflectionTestUtils - Setting field 'updaterBatchSize' of type [null] on target object [school.faang.user_service.scheduler.premium.PremiumRemover@21b744ec] or target class [class school.faang.user_service.scheduler.premium.PremiumRemover] to value [50]
2025-01-08 20:49:48.000 [Test worker] INFO  s.f.u.s.premium.PremiumRemover - updating premiums are working
2025-01-08 20:49:48.001 [Test worker] INFO  s.f.u.s.premium.PremiumRemover - premium users not found!
2025-01-08 20:49:48.995 [Test worker] DEBUG org.jboss.logging - Logging Provider: org.jboss.logging.Log4j2LoggerProvider
2025-01-08 20:49:48.996 [Test worker] INFO  o.h.validator.internal.util.Version - HV000001: Hibernate Validator 8.0.0.Final
2025-01-08 20:49:49.039 [Test worker] DEBUG o.h.v.m.ResourceBundleMessageInterpolator - Loaded expression factory via original TCCL
2025-01-08 20:49:49.040 [Test worker] DEBUG o.h.v.i.e.AbstractConfigurationImpl - Setting custom MessageInterpolator of type org.springframework.validation.beanvalidation.LocaleContextMessageInterpolator
2025-01-08 20:49:49.046 [Test worker] DEBUG o.h.v.i.x.config.ValidationXmlParser - Trying to load META-INF/validation.xml for XML based Validator configuration.
2025-01-08 20:49:49.047 [Test worker] DEBUG o.h.v.i.x.c.ResourceLoaderHelper - Trying to load META-INF/validation.xml via TCCL
2025-01-08 20:49:49.049 [Test worker] DEBUG o.h.v.i.x.c.ResourceLoaderHelper - Trying to load META-INF/validation.xml via Hibernate Validator's class loader
2025-01-08 20:49:49.049 [Test worker] DEBUG o.h.v.i.x.config.ValidationXmlParser - No META-INF/validation.xml found. Using annotation based configuration only.
2025-01-08 20:49:49.060 [Test worker] DEBUG o.h.v.i.e.r.TraversableResolvers - Found jakarta.persistence.Persistence on classpath containing 'getPersistenceUtil'. Assuming JPA 2 environment. Trying to instantiate JPA aware TraversableResolver
2025-01-08 20:49:49.061 [Test worker] DEBUG o.h.v.i.e.r.TraversableResolvers - Instantiated JPA aware TraversableResolver of type org.hibernate.validator.internal.engine.resolver.JPATraversableResolver.
2025-01-08 20:49:49.228 [Test worker] DEBUG o.h.v.i.e.ValidatorFactoryConfigurationHelper - HV000252: Using org.hibernate.validator.internal.engine.DefaultPropertyNodeNameProvider as property node name provider.
2025-01-08 20:49:49.240 [Test worker] DEBUG o.h.v.i.e.ValidatorFactoryConfigurationHelper - HV000234: Using org.springframework.validation.beanvalidation.LocaleContextMessageInterpolator as ValidatorFactory-scoped message interpolator.
2025-01-08 20:49:49.240 [Test worker] DEBUG o.h.v.i.e.ValidatorFactoryConfigurationHelper - HV000234: Using org.hibernate.validator.internal.engine.resolver.JPATraversableResolver as ValidatorFactory-scoped traversable resolver.
2025-01-08 20:49:49.240 [Test worker] DEBUG o.h.v.i.e.ValidatorFactoryConfigurationHelper - HV000234: Using org.hibernate.validator.internal.util.ExecutableParameterNameProvider as ValidatorFactory-scoped parameter name provider.
2025-01-08 20:49:49.240 [Test worker] DEBUG o.h.v.i.e.ValidatorFactoryConfigurationHelper - HV000234: Using org.hibernate.validator.internal.engine.DefaultClockProvider as ValidatorFactory-scoped clock provider.
2025-01-08 20:49:49.240 [Test worker] DEBUG o.h.v.i.e.ValidatorFactoryConfigurationHelper - HV000234: Using org.hibernate.validator.internal.engine.scripting.DefaultScriptEvaluatorFactory as ValidatorFactory-scoped script evaluator factory.
2025-01-08 20:49:49.444 [Test worker] DEBUG _.s.w.s.HandlerMapping.Mappings - 
	s.f.u.c.r.RecommendationRequestController:
	{POST [/recommendation/request]}: requestRecommendation(RecommendationRequestDto)
	{POST [/recommendation/requests]}: getRecommendationRequests(RequestFilterDto)
	{GET [/recommendation/request/{id}]}: getRecommendationRequest(long)
	{PUT [/recommendation/request/{id}]}: rejectRequest(long,RejectionDto)
2025-01-08 20:49:49.451 [Test worker] DEBUG o.s.w.s.m.m.a.RequestMappingHandlerMapping - 4 mappings in org.springframework.web.servlet.mvc.method.annotation.RequestMappingHandlerMapping
2025-01-08 20:49:50.028 [Test worker] DEBUG o.s.w.s.m.m.a.RequestMappingHandlerAdapter - ControllerAdvice beans: 0 @ModelAttribute, 0 @InitBinder, 1 RequestBodyAdvice, 1 ResponseBodyAdvice
2025-01-08 20:49:50.089 [Test worker] DEBUG o.s.w.s.m.m.a.ExceptionHandlerExceptionResolver - ControllerAdvice beans: 0 @ExceptionHandler, 1 ResponseBodyAdvice
2025-01-08 20:49:50.118 [Test worker] INFO  o.s.mock.web.MockServletContext - Initializing Spring TestDispatcherServlet ''
2025-01-08 20:49:50.118 [Test worker] INFO  o.s.t.w.s.TestDispatcherServlet - Initializing Servlet ''
2025-01-08 20:49:50.121 [Test worker] DEBUG o.s.t.w.s.TestDispatcherServlet - Detected AcceptHeaderLocaleResolver
2025-01-08 20:49:50.121 [Test worker] DEBUG o.s.t.w.s.TestDispatcherServlet - Detected FixedThemeResolver
2025-01-08 20:49:50.122 [Test worker] DEBUG o.s.t.w.s.TestDispatcherServlet - Detected org.springframework.web.servlet.view.DefaultRequestToViewNameTranslator@49afaf65
2025-01-08 20:49:50.122 [Test worker] DEBUG o.s.t.w.s.TestDispatcherServlet - Detected org.springframework.web.servlet.support.SessionFlashMapManager@6d5376b7
2025-01-08 20:49:50.122 [Test worker] DEBUG o.s.t.w.s.TestDispatcherServlet - enableLoggingRequestDetails='false': request parameters and headers will be masked to prevent unsafe logging of potentially sensitive data
2025-01-08 20:49:50.124 [Test worker] INFO  o.s.t.w.s.TestDispatcherServlet - Completed initialization in 4 ms
2025-01-08 20:49:50.217 [Test worker] DEBUG o.s.t.w.s.TestDispatcherServlet - PUT "/recommendation/request/1", parameters={}
2025-01-08 20:49:50.245 [Test worker] DEBUG o.s.w.s.m.m.a.RequestMappingHandlerMapping - Mapped to school.faang.user_service.controller.recommendation.RecommendationRequestController#rejectRequest(long, RejectionDto)
2025-01-08 20:49:50.366 [Test worker] DEBUG o.s.w.s.m.m.a.RequestResponseBodyMethodProcessor - Read "application/json" to [RejectionDto(reason=Test)]
2025-01-08 20:49:50.505 [Test worker] INFO  s.f.u.c.r.RecommendationRequestController - A request was received to reject a recommendation request, by id: 1, with a rejection: RejectionDto(reason=Test)
2025-01-08 20:49:50.542 [Test worker] DEBUG o.s.w.s.m.m.a.RequestResponseBodyMethodProcessor - Using 'application/json', given [*/*] and supported [application/json, application/*+json, application/cbor]
2025-01-08 20:49:50.609 [Test worker] DEBUG o.s.w.s.m.m.a.RequestResponseBodyMethodProcessor - Writing [RecommendationRequestDto(id=null, message=null, status=REJECTED, skillIds=null, requesterId=null, re (truncated)...]
2025-01-08 20:49:50.673 [Test worker] DEBUG o.s.t.w.s.TestDispatcherServlet - Completed 200 OK
2025-01-08 20:49:50.702 [Test worker] DEBUG o.h.v.m.ResourceBundleMessageInterpolator - Loaded expression factory via original TCCL
2025-01-08 20:49:50.702 [Test worker] DEBUG o.h.v.i.e.AbstractConfigurationImpl - Setting custom MessageInterpolator of type org.springframework.validation.beanvalidation.LocaleContextMessageInterpolator
2025-01-08 20:49:50.702 [Test worker] DEBUG o.h.v.i.x.config.ValidationXmlParser - Trying to load META-INF/validation.xml for XML based Validator configuration.
2025-01-08 20:49:50.702 [Test worker] DEBUG o.h.v.i.x.c.ResourceLoaderHelper - Trying to load META-INF/validation.xml via TCCL
2025-01-08 20:49:50.703 [Test worker] DEBUG o.h.v.i.x.c.ResourceLoaderHelper - Trying to load META-INF/validation.xml via Hibernate Validator's class loader
2025-01-08 20:49:50.703 [Test worker] DEBUG o.h.v.i.x.config.ValidationXmlParser - No META-INF/validation.xml found. Using annotation based configuration only.
2025-01-08 20:49:50.703 [Test worker] DEBUG o.h.v.i.e.r.TraversableResolvers - Found jakarta.persistence.Persistence on classpath containing 'getPersistenceUtil'. Assuming JPA 2 environment. Trying to instantiate JPA aware TraversableResolver
2025-01-08 20:49:50.703 [Test worker] DEBUG o.h.v.i.e.r.TraversableResolvers - Instantiated JPA aware TraversableResolver of type org.hibernate.validator.internal.engine.resolver.JPATraversableResolver.
2025-01-08 20:49:50.705 [Test worker] DEBUG o.h.v.i.e.ValidatorFactoryConfigurationHelper - HV000252: Using org.hibernate.validator.internal.engine.DefaultPropertyNodeNameProvider as property node name provider.
2025-01-08 20:49:50.706 [Test worker] DEBUG o.h.v.i.e.ValidatorFactoryConfigurationHelper - HV000234: Using org.springframework.validation.beanvalidation.LocaleContextMessageInterpolator as ValidatorFactory-scoped message interpolator.
2025-01-08 20:49:50.706 [Test worker] DEBUG o.h.v.i.e.ValidatorFactoryConfigurationHelper - HV000234: Using org.hibernate.validator.internal.engine.resolver.JPATraversableResolver as ValidatorFactory-scoped traversable resolver.
2025-01-08 20:49:50.706 [Test worker] DEBUG o.h.v.i.e.ValidatorFactoryConfigurationHelper - HV000234: Using org.hibernate.validator.internal.util.ExecutableParameterNameProvider as ValidatorFactory-scoped parameter name provider.
2025-01-08 20:49:50.706 [Test worker] DEBUG o.h.v.i.e.ValidatorFactoryConfigurationHelper - HV000234: Using org.hibernate.validator.internal.engine.DefaultClockProvider as ValidatorFactory-scoped clock provider.
2025-01-08 20:49:50.706 [Test worker] DEBUG o.h.v.i.e.ValidatorFactoryConfigurationHelper - HV000234: Using org.hibernate.validator.internal.engine.scripting.DefaultScriptEvaluatorFactory as ValidatorFactory-scoped script evaluator factory.
2025-01-08 20:49:50.709 [Test worker] DEBUG _.s.w.s.HandlerMapping.Mappings - 
	s.f.u.c.r.RecommendationRequestController:
	{POST [/recommendation/request]}: requestRecommendation(RecommendationRequestDto)
	{POST [/recommendation/requests]}: getRecommendationRequests(RequestFilterDto)
	{GET [/recommendation/request/{id}]}: getRecommendationRequest(long)
	{PUT [/recommendation/request/{id}]}: rejectRequest(long,RejectionDto)
2025-01-08 20:49:50.710 [Test worker] DEBUG o.s.w.s.m.m.a.RequestMappingHandlerMapping - 4 mappings in org.springframework.web.servlet.mvc.method.annotation.RequestMappingHandlerMapping
2025-01-08 20:49:50.714 [Test worker] DEBUG o.s.w.s.m.m.a.RequestMappingHandlerAdapter - ControllerAdvice beans: 0 @ModelAttribute, 0 @InitBinder, 1 RequestBodyAdvice, 1 ResponseBodyAdvice
2025-01-08 20:49:50.715 [Test worker] DEBUG o.s.w.s.m.m.a.ExceptionHandlerExceptionResolver - ControllerAdvice beans: 0 @ExceptionHandler, 1 ResponseBodyAdvice
2025-01-08 20:49:50.715 [Test worker] INFO  o.s.mock.web.MockServletContext - Initializing Spring TestDispatcherServlet ''
2025-01-08 20:49:50.715 [Test worker] INFO  o.s.t.w.s.TestDispatcherServlet - Initializing Servlet ''
2025-01-08 20:49:50.715 [Test worker] DEBUG o.s.t.w.s.TestDispatcherServlet - Detected AcceptHeaderLocaleResolver
2025-01-08 20:49:50.715 [Test worker] DEBUG o.s.t.w.s.TestDispatcherServlet - Detected FixedThemeResolver
2025-01-08 20:49:50.715 [Test worker] DEBUG o.s.t.w.s.TestDispatcherServlet - Detected org.springframework.web.servlet.view.DefaultRequestToViewNameTranslator@20c642ef
2025-01-08 20:49:50.715 [Test worker] DEBUG o.s.t.w.s.TestDispatcherServlet - Detected org.springframework.web.servlet.support.SessionFlashMapManager@1f799f4c
2025-01-08 20:49:50.716 [Test worker] DEBUG o.s.t.w.s.TestDispatcherServlet - enableLoggingRequestDetails='false': request parameters and headers will be masked to prevent unsafe logging of potentially sensitive data
2025-01-08 20:49:50.716 [Test worker] INFO  o.s.t.w.s.TestDispatcherServlet - Completed initialization in 1 ms
2025-01-08 20:49:50.785 [Test worker] DEBUG o.s.t.w.s.TestDispatcherServlet - GET "/recommendation/request/1", parameters={}
2025-01-08 20:49:50.790 [Test worker] DEBUG o.s.w.s.m.m.a.RequestMappingHandlerMapping - Mapped to school.faang.user_service.controller.recommendation.RecommendationRequestController#getRecommendationRequest(long)
2025-01-08 20:49:50.809 [Test worker] INFO  s.f.u.c.r.RecommendationRequestController - Received a request to receive a recommendation request by id: 1
2025-01-08 20:49:50.836 [Test worker] DEBUG o.s.w.s.m.m.a.RequestResponseBodyMethodProcessor - Using 'application/json', given [*/*] and supported [application/json, application/*+json, application/cbor]
2025-01-08 20:49:50.837 [Test worker] DEBUG o.s.w.s.m.m.a.RequestResponseBodyMethodProcessor - Writing [RecommendationRequestDto(id=1, message=null, status=null, skillIds=null, requesterId=null, receiverI (truncated)...]
2025-01-08 20:49:50.842 [Test worker] DEBUG o.s.t.w.s.TestDispatcherServlet - Completed 200 OK
2025-01-08 20:49:50.852 [Test worker] DEBUG o.h.v.m.ResourceBundleMessageInterpolator - Loaded expression factory via original TCCL
2025-01-08 20:49:50.852 [Test worker] DEBUG o.h.v.i.e.AbstractConfigurationImpl - Setting custom MessageInterpolator of type org.springframework.validation.beanvalidation.LocaleContextMessageInterpolator
2025-01-08 20:49:50.853 [Test worker] DEBUG o.h.v.i.x.config.ValidationXmlParser - Trying to load META-INF/validation.xml for XML based Validator configuration.
2025-01-08 20:49:50.853 [Test worker] DEBUG o.h.v.i.x.c.ResourceLoaderHelper - Trying to load META-INF/validation.xml via TCCL
2025-01-08 20:49:50.856 [Test worker] DEBUG o.h.v.i.x.c.ResourceLoaderHelper - Trying to load META-INF/validation.xml via Hibernate Validator's class loader
2025-01-08 20:49:50.857 [Test worker] DEBUG o.h.v.i.x.config.ValidationXmlParser - No META-INF/validation.xml found. Using annotation based configuration only.
2025-01-08 20:49:50.857 [Test worker] DEBUG o.h.v.i.e.r.TraversableResolvers - Found jakarta.persistence.Persistence on classpath containing 'getPersistenceUtil'. Assuming JPA 2 environment. Trying to instantiate JPA aware TraversableResolver
2025-01-08 20:49:50.857 [Test worker] DEBUG o.h.v.i.e.r.TraversableResolvers - Instantiated JPA aware TraversableResolver of type org.hibernate.validator.internal.engine.resolver.JPATraversableResolver.
2025-01-08 20:49:50.859 [Test worker] DEBUG o.h.v.i.e.ValidatorFactoryConfigurationHelper - HV000252: Using org.hibernate.validator.internal.engine.DefaultPropertyNodeNameProvider as property node name provider.
2025-01-08 20:49:50.861 [Test worker] DEBUG o.h.v.i.e.ValidatorFactoryConfigurationHelper - HV000234: Using org.springframework.validation.beanvalidation.LocaleContextMessageInterpolator as ValidatorFactory-scoped message interpolator.
2025-01-08 20:49:50.861 [Test worker] DEBUG o.h.v.i.e.ValidatorFactoryConfigurationHelper - HV000234: Using org.hibernate.validator.internal.engine.resolver.JPATraversableResolver as ValidatorFactory-scoped traversable resolver.
2025-01-08 20:49:50.861 [Test worker] DEBUG o.h.v.i.e.ValidatorFactoryConfigurationHelper - HV000234: Using org.hibernate.validator.internal.util.ExecutableParameterNameProvider as ValidatorFactory-scoped parameter name provider.
2025-01-08 20:49:50.861 [Test worker] DEBUG o.h.v.i.e.ValidatorFactoryConfigurationHelper - HV000234: Using org.hibernate.validator.internal.engine.DefaultClockProvider as ValidatorFactory-scoped clock provider.
2025-01-08 20:49:50.862 [Test worker] DEBUG o.h.v.i.e.ValidatorFactoryConfigurationHelper - HV000234: Using org.hibernate.validator.internal.engine.scripting.DefaultScriptEvaluatorFactory as ValidatorFactory-scoped script evaluator factory.
2025-01-08 20:49:50.869 [Test worker] DEBUG _.s.w.s.HandlerMapping.Mappings - 
	s.f.u.c.r.RecommendationRequestController:
	{POST [/recommendation/request]}: requestRecommendation(RecommendationRequestDto)
	{POST [/recommendation/requests]}: getRecommendationRequests(RequestFilterDto)
	{GET [/recommendation/request/{id}]}: getRecommendationRequest(long)
	{PUT [/recommendation/request/{id}]}: rejectRequest(long,RejectionDto)
2025-01-08 20:49:50.870 [Test worker] DEBUG o.s.w.s.m.m.a.RequestMappingHandlerMapping - 4 mappings in org.springframework.web.servlet.mvc.method.annotation.RequestMappingHandlerMapping
2025-01-08 20:49:50.877 [Test worker] DEBUG o.s.w.s.m.m.a.RequestMappingHandlerAdapter - ControllerAdvice beans: 0 @ModelAttribute, 0 @InitBinder, 1 RequestBodyAdvice, 1 ResponseBodyAdvice
2025-01-08 20:49:50.879 [Test worker] DEBUG o.s.w.s.m.m.a.ExceptionHandlerExceptionResolver - ControllerAdvice beans: 0 @ExceptionHandler, 1 ResponseBodyAdvice
2025-01-08 20:49:50.879 [Test worker] INFO  o.s.mock.web.MockServletContext - Initializing Spring TestDispatcherServlet ''
2025-01-08 20:49:50.879 [Test worker] INFO  o.s.t.w.s.TestDispatcherServlet - Initializing Servlet ''
2025-01-08 20:49:50.879 [Test worker] DEBUG o.s.t.w.s.TestDispatcherServlet - Detected AcceptHeaderLocaleResolver
2025-01-08 20:49:50.879 [Test worker] DEBUG o.s.t.w.s.TestDispatcherServlet - Detected FixedThemeResolver
2025-01-08 20:49:50.879 [Test worker] DEBUG o.s.t.w.s.TestDispatcherServlet - Detected org.springframework.web.servlet.view.DefaultRequestToViewNameTranslator@434c0d22
2025-01-08 20:49:50.880 [Test worker] DEBUG o.s.t.w.s.TestDispatcherServlet - Detected org.springframework.web.servlet.support.SessionFlashMapManager@1de7c0ad
2025-01-08 20:49:50.880 [Test worker] DEBUG o.s.t.w.s.TestDispatcherServlet - enableLoggingRequestDetails='false': request parameters and headers will be masked to prevent unsafe logging of potentially sensitive data
2025-01-08 20:49:50.880 [Test worker] INFO  o.s.t.w.s.TestDispatcherServlet - Completed initialization in 1 ms
2025-01-08 20:49:50.883 [Test worker] DEBUG o.s.t.w.s.TestDispatcherServlet - PUT "/recommendation/request/1", parameters={}
2025-01-08 20:49:50.884 [Test worker] DEBUG o.s.w.s.m.m.a.RequestMappingHandlerMapping - Mapped to school.faang.user_service.controller.recommendation.RecommendationRequestController#rejectRequest(long, RejectionDto)
2025-01-08 20:49:50.887 [Test worker] DEBUG o.s.w.s.m.m.a.RequestResponseBodyMethodProcessor - Read "application/json" to [RejectionDto(reason=null)]
2025-01-08 20:49:50.989 [Test worker] DEBUG o.h.v.r.PlatformResourceBundleLocator - ValidationMessages not found.
2025-01-08 20:49:50.993 [Test worker] DEBUG o.h.v.r.PlatformResourceBundleLocator - ContributorValidationMessages not found.
2025-01-08 20:49:50.997 [Test worker] DEBUG o.h.v.r.PlatformResourceBundleLocator - org.hibernate.validator.ValidationMessages found.
2025-01-08 20:49:51.078 [Test worker] WARN  o.s.w.s.m.s.DefaultHandlerExceptionResolver - Resolved [org.springframework.web.bind.MethodArgumentNotValidException: Validation failed for argument [1] in public school.faang.user_service.dto.recommendation.RecommendationRequestDto school.faang.user_service.controller.recommendation.RecommendationRequestController.rejectRequest(long,school.faang.user_service.dto.rejection.RejectionDto): [Field error in object 'rejectionDto' on field 'reason': rejected value [null]; codes [NotNull.rejectionDto.reason,NotNull.reason,NotNull.java.lang.String,NotNull]; arguments [org.springframework.context.support.DefaultMessageSourceResolvable: codes [rejectionDto.reason,reason]; arguments []; default message [reason]]; default message [must not be null]] ]
2025-01-08 20:49:51.078 [Test worker] DEBUG o.s.t.w.s.TestDispatcherServlet - Completed 400 BAD_REQUEST
2025-01-08 20:49:51.116 [Test worker] DEBUG o.h.v.m.ResourceBundleMessageInterpolator - Loaded expression factory via original TCCL
2025-01-08 20:49:51.116 [Test worker] DEBUG o.h.v.i.e.AbstractConfigurationImpl - Setting custom MessageInterpolator of type org.springframework.validation.beanvalidation.LocaleContextMessageInterpolator
2025-01-08 20:49:51.117 [Test worker] DEBUG o.h.v.i.x.config.ValidationXmlParser - Trying to load META-INF/validation.xml for XML based Validator configuration.
2025-01-08 20:49:51.117 [Test worker] DEBUG o.h.v.i.x.c.ResourceLoaderHelper - Trying to load META-INF/validation.xml via TCCL
2025-01-08 20:49:51.118 [Test worker] DEBUG o.h.v.i.x.c.ResourceLoaderHelper - Trying to load META-INF/validation.xml via Hibernate Validator's class loader
2025-01-08 20:49:51.118 [Test worker] DEBUG o.h.v.i.x.config.ValidationXmlParser - No META-INF/validation.xml found. Using annotation based configuration only.
2025-01-08 20:49:51.119 [Test worker] DEBUG o.h.v.i.e.r.TraversableResolvers - Found jakarta.persistence.Persistence on classpath containing 'getPersistenceUtil'. Assuming JPA 2 environment. Trying to instantiate JPA aware TraversableResolver
2025-01-08 20:49:51.119 [Test worker] DEBUG o.h.v.i.e.r.TraversableResolvers - Instantiated JPA aware TraversableResolver of type org.hibernate.validator.internal.engine.resolver.JPATraversableResolver.
2025-01-08 20:49:51.121 [Test worker] DEBUG o.h.v.i.e.ValidatorFactoryConfigurationHelper - HV000252: Using org.hibernate.validator.internal.engine.DefaultPropertyNodeNameProvider as property node name provider.
2025-01-08 20:49:51.124 [Test worker] DEBUG o.h.v.i.e.ValidatorFactoryConfigurationHelper - HV000234: Using org.springframework.validation.beanvalidation.LocaleContextMessageInterpolator as ValidatorFactory-scoped message interpolator.
2025-01-08 20:49:51.124 [Test worker] DEBUG o.h.v.i.e.ValidatorFactoryConfigurationHelper - HV000234: Using org.hibernate.validator.internal.engine.resolver.JPATraversableResolver as ValidatorFactory-scoped traversable resolver.
2025-01-08 20:49:51.124 [Test worker] DEBUG o.h.v.i.e.ValidatorFactoryConfigurationHelper - HV000234: Using org.hibernate.validator.internal.util.ExecutableParameterNameProvider as ValidatorFactory-scoped parameter name provider.
2025-01-08 20:49:51.124 [Test worker] DEBUG o.h.v.i.e.ValidatorFactoryConfigurationHelper - HV000234: Using org.hibernate.validator.internal.engine.DefaultClockProvider as ValidatorFactory-scoped clock provider.
2025-01-08 20:49:51.124 [Test worker] DEBUG o.h.v.i.e.ValidatorFactoryConfigurationHelper - HV000234: Using org.hibernate.validator.internal.engine.scripting.DefaultScriptEvaluatorFactory as ValidatorFactory-scoped script evaluator factory.
2025-01-08 20:49:51.129 [Test worker] DEBUG _.s.w.s.HandlerMapping.Mappings - 
	s.f.u.c.s.SkillController:
	{POST [/skill]}: create(SkillDto)
	{PUT [/skill]}: acquireSkillFromOffers(long,long)
	{GET [/skill]}: getOfferedSkills(long)
	{GET [/skill/{userId}]}: getUserSkills(long)
2025-01-08 20:49:51.130 [Test worker] DEBUG o.s.w.s.m.m.a.RequestMappingHandlerMapping - 4 mappings in org.springframework.web.servlet.mvc.method.annotation.RequestMappingHandlerMapping
2025-01-08 20:49:51.139 [Test worker] DEBUG o.s.w.s.m.m.a.RequestMappingHandlerAdapter - ControllerAdvice beans: 0 @ModelAttribute, 0 @InitBinder, 1 RequestBodyAdvice, 1 ResponseBodyAdvice
2025-01-08 20:49:51.139 [Test worker] DEBUG o.s.w.s.m.m.a.ExceptionHandlerExceptionResolver - ControllerAdvice beans: 0 @ExceptionHandler, 1 ResponseBodyAdvice
2025-01-08 20:49:51.140 [Test worker] INFO  o.s.mock.web.MockServletContext - Initializing Spring TestDispatcherServlet ''
2025-01-08 20:49:51.140 [Test worker] INFO  o.s.t.w.s.TestDispatcherServlet - Initializing Servlet ''
2025-01-08 20:49:51.140 [Test worker] DEBUG o.s.t.w.s.TestDispatcherServlet - Detected AcceptHeaderLocaleResolver
2025-01-08 20:49:51.140 [Test worker] DEBUG o.s.t.w.s.TestDispatcherServlet - Detected FixedThemeResolver
2025-01-08 20:49:51.140 [Test worker] DEBUG o.s.t.w.s.TestDispatcherServlet - Detected org.springframework.web.servlet.view.DefaultRequestToViewNameTranslator@430e9d37
2025-01-08 20:49:51.140 [Test worker] DEBUG o.s.t.w.s.TestDispatcherServlet - Detected org.springframework.web.servlet.support.SessionFlashMapManager@4968deb9
2025-01-08 20:49:51.140 [Test worker] DEBUG o.s.t.w.s.TestDispatcherServlet - enableLoggingRequestDetails='false': request parameters and headers will be masked to prevent unsafe logging of potentially sensitive data
2025-01-08 20:49:51.140 [Test worker] INFO  o.s.t.w.s.TestDispatcherServlet - Completed initialization in 0 ms
2025-01-08 20:49:51.141 [Test worker] DEBUG o.s.t.w.s.TestDispatcherServlet - GET "/skill/1", parameters={}
2025-01-08 20:49:51.142 [Test worker] DEBUG o.s.w.s.m.m.a.RequestMappingHandlerMapping - Mapped to school.faang.user_service.controller.skill.SkillController#getUserSkills(long)
2025-01-08 20:49:51.145 [Test worker] DEBUG o.s.w.s.m.m.a.RequestResponseBodyMethodProcessor - Using 'application/json', given [*/*] and supported [application/json, application/*+json, application/cbor]
2025-01-08 20:49:51.145 [Test worker] DEBUG o.s.w.s.m.m.a.RequestResponseBodyMethodProcessor - Writing [[SkillDto(id=null, title=null), SkillDto(id=null, title=null)]]
2025-01-08 20:49:51.149 [Test worker] DEBUG o.s.t.w.s.TestDispatcherServlet - Completed 200 OK
2025-01-08 20:49:51.206 [Test worker] DEBUG c.j.j.internal.path.CompiledPath - Evaluating path: $
2025-01-08 20:49:51.214 [Test worker] DEBUG o.h.v.m.ResourceBundleMessageInterpolator - Loaded expression factory via original TCCL
2025-01-08 20:49:51.214 [Test worker] DEBUG o.h.v.i.e.AbstractConfigurationImpl - Setting custom MessageInterpolator of type org.springframework.validation.beanvalidation.LocaleContextMessageInterpolator
2025-01-08 20:49:51.215 [Test worker] DEBUG o.h.v.i.x.config.ValidationXmlParser - Trying to load META-INF/validation.xml for XML based Validator configuration.
2025-01-08 20:49:51.215 [Test worker] DEBUG o.h.v.i.x.c.ResourceLoaderHelper - Trying to load META-INF/validation.xml via TCCL
2025-01-08 20:49:51.216 [Test worker] DEBUG o.h.v.i.x.c.ResourceLoaderHelper - Trying to load META-INF/validation.xml via Hibernate Validator's class loader
2025-01-08 20:49:51.216 [Test worker] DEBUG o.h.v.i.x.config.ValidationXmlParser - No META-INF/validation.xml found. Using annotation based configuration only.
2025-01-08 20:49:51.217 [Test worker] DEBUG o.h.v.i.e.r.TraversableResolvers - Found jakarta.persistence.Persistence on classpath containing 'getPersistenceUtil'. Assuming JPA 2 environment. Trying to instantiate JPA aware TraversableResolver
2025-01-08 20:49:51.217 [Test worker] DEBUG o.h.v.i.e.r.TraversableResolvers - Instantiated JPA aware TraversableResolver of type org.hibernate.validator.internal.engine.resolver.JPATraversableResolver.
2025-01-08 20:49:51.218 [Test worker] DEBUG o.h.v.i.e.ValidatorFactoryConfigurationHelper - HV000252: Using org.hibernate.validator.internal.engine.DefaultPropertyNodeNameProvider as property node name provider.
2025-01-08 20:49:51.218 [Test worker] DEBUG o.h.v.i.e.ValidatorFactoryConfigurationHelper - HV000234: Using org.springframework.validation.beanvalidation.LocaleContextMessageInterpolator as ValidatorFactory-scoped message interpolator.
2025-01-08 20:49:51.218 [Test worker] DEBUG o.h.v.i.e.ValidatorFactoryConfigurationHelper - HV000234: Using org.hibernate.validator.internal.engine.resolver.JPATraversableResolver as ValidatorFactory-scoped traversable resolver.
2025-01-08 20:49:51.218 [Test worker] DEBUG o.h.v.i.e.ValidatorFactoryConfigurationHelper - HV000234: Using org.hibernate.validator.internal.util.ExecutableParameterNameProvider as ValidatorFactory-scoped parameter name provider.
2025-01-08 20:49:51.218 [Test worker] DEBUG o.h.v.i.e.ValidatorFactoryConfigurationHelper - HV000234: Using org.hibernate.validator.internal.engine.DefaultClockProvider as ValidatorFactory-scoped clock provider.
2025-01-08 20:49:51.218 [Test worker] DEBUG o.h.v.i.e.ValidatorFactoryConfigurationHelper - HV000234: Using org.hibernate.validator.internal.engine.scripting.DefaultScriptEvaluatorFactory as ValidatorFactory-scoped script evaluator factory.
2025-01-08 20:49:51.222 [Test worker] DEBUG _.s.w.s.HandlerMapping.Mappings - 
	s.f.u.c.s.SkillController:
	{POST [/skill]}: create(SkillDto)
	{PUT [/skill]}: acquireSkillFromOffers(long,long)
	{GET [/skill]}: getOfferedSkills(long)
	{GET [/skill/{userId}]}: getUserSkills(long)
2025-01-08 20:49:51.222 [Test worker] DEBUG o.s.w.s.m.m.a.RequestMappingHandlerMapping - 4 mappings in org.springframework.web.servlet.mvc.method.annotation.RequestMappingHandlerMapping
2025-01-08 20:49:51.226 [Test worker] DEBUG o.s.w.s.m.m.a.RequestMappingHandlerAdapter - ControllerAdvice beans: 0 @ModelAttribute, 0 @InitBinder, 1 RequestBodyAdvice, 1 ResponseBodyAdvice
2025-01-08 20:49:51.226 [Test worker] DEBUG o.s.w.s.m.m.a.ExceptionHandlerExceptionResolver - ControllerAdvice beans: 0 @ExceptionHandler, 1 ResponseBodyAdvice
2025-01-08 20:49:51.227 [Test worker] INFO  o.s.mock.web.MockServletContext - Initializing Spring TestDispatcherServlet ''
2025-01-08 20:49:51.227 [Test worker] INFO  o.s.t.w.s.TestDispatcherServlet - Initializing Servlet ''
2025-01-08 20:49:51.227 [Test worker] DEBUG o.s.t.w.s.TestDispatcherServlet - Detected AcceptHeaderLocaleResolver
2025-01-08 20:49:51.227 [Test worker] DEBUG o.s.t.w.s.TestDispatcherServlet - Detected FixedThemeResolver
2025-01-08 20:49:51.227 [Test worker] DEBUG o.s.t.w.s.TestDispatcherServlet - Detected org.springframework.web.servlet.view.DefaultRequestToViewNameTranslator@112e72ea
2025-01-08 20:49:51.227 [Test worker] DEBUG o.s.t.w.s.TestDispatcherServlet - Detected org.springframework.web.servlet.support.SessionFlashMapManager@259c7ff3
2025-01-08 20:49:51.227 [Test worker] DEBUG o.s.t.w.s.TestDispatcherServlet - enableLoggingRequestDetails='false': request parameters and headers will be masked to prevent unsafe logging of potentially sensitive data
2025-01-08 20:49:51.227 [Test worker] INFO  o.s.t.w.s.TestDispatcherServlet - Completed initialization in 0 ms
2025-01-08 20:49:51.229 [Test worker] DEBUG o.s.t.w.s.TestDispatcherServlet - GET "/skill?userId=1", parameters={masked}
2025-01-08 20:49:51.229 [Test worker] DEBUG o.s.w.s.m.m.a.RequestMappingHandlerMapping - Mapped to school.faang.user_service.controller.skill.SkillController#getOfferedSkills(long)
2025-01-08 20:49:51.234 [Test worker] DEBUG o.s.w.s.m.m.a.RequestResponseBodyMethodProcessor - Using 'application/json', given [*/*] and supported [application/json, application/*+json, application/cbor]
2025-01-08 20:49:51.236 [Test worker] DEBUG o.s.w.s.m.m.a.RequestResponseBodyMethodProcessor - Writing [[SkillCandidateDto(skill=null, offersAmount=0), SkillCandidateDto(skill=null, offersAmount=0)]]
2025-01-08 20:49:51.238 [Test worker] DEBUG o.s.t.w.s.TestDispatcherServlet - Completed 200 OK
2025-01-08 20:49:51.238 [Test worker] DEBUG c.j.j.internal.path.CompiledPath - Evaluating path: $
2025-01-08 20:49:51.241 [Test worker] DEBUG o.h.v.m.ResourceBundleMessageInterpolator - Loaded expression factory via original TCCL
2025-01-08 20:49:51.241 [Test worker] DEBUG o.h.v.i.e.AbstractConfigurationImpl - Setting custom MessageInterpolator of type org.springframework.validation.beanvalidation.LocaleContextMessageInterpolator
2025-01-08 20:49:51.242 [Test worker] DEBUG o.h.v.i.x.config.ValidationXmlParser - Trying to load META-INF/validation.xml for XML based Validator configuration.
2025-01-08 20:49:51.242 [Test worker] DEBUG o.h.v.i.x.c.ResourceLoaderHelper - Trying to load META-INF/validation.xml via TCCL
2025-01-08 20:49:51.242 [Test worker] DEBUG o.h.v.i.x.c.ResourceLoaderHelper - Trying to load META-INF/validation.xml via Hibernate Validator's class loader
2025-01-08 20:49:51.242 [Test worker] DEBUG o.h.v.i.x.config.ValidationXmlParser - No META-INF/validation.xml found. Using annotation based configuration only.
2025-01-08 20:49:51.242 [Test worker] DEBUG o.h.v.i.e.r.TraversableResolvers - Found jakarta.persistence.Persistence on classpath containing 'getPersistenceUtil'. Assuming JPA 2 environment. Trying to instantiate JPA aware TraversableResolver
2025-01-08 20:49:51.242 [Test worker] DEBUG o.h.v.i.e.r.TraversableResolvers - Instantiated JPA aware TraversableResolver of type org.hibernate.validator.internal.engine.resolver.JPATraversableResolver.
2025-01-08 20:49:51.244 [Test worker] DEBUG o.h.v.i.e.ValidatorFactoryConfigurationHelper - HV000252: Using org.hibernate.validator.internal.engine.DefaultPropertyNodeNameProvider as property node name provider.
2025-01-08 20:49:51.245 [Test worker] DEBUG o.h.v.i.e.ValidatorFactoryConfigurationHelper - HV000234: Using org.springframework.validation.beanvalidation.LocaleContextMessageInterpolator as ValidatorFactory-scoped message interpolator.
2025-01-08 20:49:51.245 [Test worker] DEBUG o.h.v.i.e.ValidatorFactoryConfigurationHelper - HV000234: Using org.hibernate.validator.internal.engine.resolver.JPATraversableResolver as ValidatorFactory-scoped traversable resolver.
2025-01-08 20:49:51.245 [Test worker] DEBUG o.h.v.i.e.ValidatorFactoryConfigurationHelper - HV000234: Using org.hibernate.validator.internal.util.ExecutableParameterNameProvider as ValidatorFactory-scoped parameter name provider.
2025-01-08 20:49:51.246 [Test worker] DEBUG o.h.v.i.e.ValidatorFactoryConfigurationHelper - HV000234: Using org.hibernate.validator.internal.engine.DefaultClockProvider as ValidatorFactory-scoped clock provider.
2025-01-08 20:49:51.246 [Test worker] DEBUG o.h.v.i.e.ValidatorFactoryConfigurationHelper - HV000234: Using org.hibernate.validator.internal.engine.scripting.DefaultScriptEvaluatorFactory as ValidatorFactory-scoped script evaluator factory.
2025-01-08 20:49:51.249 [Test worker] DEBUG _.s.w.s.HandlerMapping.Mappings - 
	s.f.u.c.s.SkillController:
	{POST [/skill]}: create(SkillDto)
	{PUT [/skill]}: acquireSkillFromOffers(long,long)
	{GET [/skill]}: getOfferedSkills(long)
	{GET [/skill/{userId}]}: getUserSkills(long)
2025-01-08 20:49:51.249 [Test worker] DEBUG o.s.w.s.m.m.a.RequestMappingHandlerMapping - 4 mappings in org.springframework.web.servlet.mvc.method.annotation.RequestMappingHandlerMapping
2025-01-08 20:49:51.255 [Test worker] DEBUG o.s.w.s.m.m.a.RequestMappingHandlerAdapter - ControllerAdvice beans: 0 @ModelAttribute, 0 @InitBinder, 1 RequestBodyAdvice, 1 ResponseBodyAdvice
2025-01-08 20:49:51.255 [Test worker] DEBUG o.s.w.s.m.m.a.ExceptionHandlerExceptionResolver - ControllerAdvice beans: 0 @ExceptionHandler, 1 ResponseBodyAdvice
2025-01-08 20:49:51.256 [Test worker] INFO  o.s.mock.web.MockServletContext - Initializing Spring TestDispatcherServlet ''
2025-01-08 20:49:51.256 [Test worker] INFO  o.s.t.w.s.TestDispatcherServlet - Initializing Servlet ''
2025-01-08 20:49:51.256 [Test worker] DEBUG o.s.t.w.s.TestDispatcherServlet - Detected AcceptHeaderLocaleResolver
2025-01-08 20:49:51.256 [Test worker] DEBUG o.s.t.w.s.TestDispatcherServlet - Detected FixedThemeResolver
2025-01-08 20:49:51.256 [Test worker] DEBUG o.s.t.w.s.TestDispatcherServlet - Detected org.springframework.web.servlet.view.DefaultRequestToViewNameTranslator@3c7b89ae
2025-01-08 20:49:51.256 [Test worker] DEBUG o.s.t.w.s.TestDispatcherServlet - Detected org.springframework.web.servlet.support.SessionFlashMapManager@1723640f
2025-01-08 20:49:51.256 [Test worker] DEBUG o.s.t.w.s.TestDispatcherServlet - enableLoggingRequestDetails='false': request parameters and headers will be masked to prevent unsafe logging of potentially sensitive data
2025-01-08 20:49:51.256 [Test worker] INFO  o.s.t.w.s.TestDispatcherServlet - Completed initialization in 0 ms
2025-01-08 20:49:51.258 [Test worker] DEBUG o.s.t.w.s.TestDispatcherServlet - PUT "/skill", parameters={masked}
2025-01-08 20:49:51.259 [Test worker] DEBUG o.s.w.s.m.m.a.RequestMappingHandlerMapping - Mapped to school.faang.user_service.controller.skill.SkillController#acquireSkillFromOffers(long, long)
2025-01-08 20:49:51.263 [Test worker] DEBUG o.s.w.s.m.m.a.RequestResponseBodyMethodProcessor - Using 'application/json', given [*/*] and supported [application/json, application/*+json, application/cbor]
2025-01-08 20:49:51.263 [Test worker] DEBUG o.s.w.s.m.m.a.RequestResponseBodyMethodProcessor - Writing [Optional[SkillDto(id=1, title=skill)]]
2025-01-08 20:49:51.266 [Test worker] DEBUG o.s.t.w.s.TestDispatcherServlet - Completed 200 OK
2025-01-08 20:49:51.266 [Test worker] DEBUG c.j.j.internal.path.CompiledPath - Evaluating path: $
2025-01-08 20:49:51.269 [Test worker] DEBUG o.h.v.m.ResourceBundleMessageInterpolator - Loaded expression factory via original TCCL
2025-01-08 20:49:51.269 [Test worker] DEBUG o.h.v.i.e.AbstractConfigurationImpl - Setting custom MessageInterpolator of type org.springframework.validation.beanvalidation.LocaleContextMessageInterpolator
2025-01-08 20:49:51.269 [Test worker] DEBUG o.h.v.i.x.config.ValidationXmlParser - Trying to load META-INF/validation.xml for XML based Validator configuration.
2025-01-08 20:49:51.269 [Test worker] DEBUG o.h.v.i.x.c.ResourceLoaderHelper - Trying to load META-INF/validation.xml via TCCL
2025-01-08 20:49:51.270 [Test worker] DEBUG o.h.v.i.x.c.ResourceLoaderHelper - Trying to load META-INF/validation.xml via Hibernate Validator's class loader
2025-01-08 20:49:51.270 [Test worker] DEBUG o.h.v.i.x.config.ValidationXmlParser - No META-INF/validation.xml found. Using annotation based configuration only.
2025-01-08 20:49:51.270 [Test worker] DEBUG o.h.v.i.e.r.TraversableResolvers - Found jakarta.persistence.Persistence on classpath containing 'getPersistenceUtil'. Assuming JPA 2 environment. Trying to instantiate JPA aware TraversableResolver
2025-01-08 20:49:51.270 [Test worker] DEBUG o.h.v.i.e.r.TraversableResolvers - Instantiated JPA aware TraversableResolver of type org.hibernate.validator.internal.engine.resolver.JPATraversableResolver.
2025-01-08 20:49:51.271 [Test worker] DEBUG o.h.v.i.e.ValidatorFactoryConfigurationHelper - HV000252: Using org.hibernate.validator.internal.engine.DefaultPropertyNodeNameProvider as property node name provider.
2025-01-08 20:49:51.271 [Test worker] DEBUG o.h.v.i.e.ValidatorFactoryConfigurationHelper - HV000234: Using org.springframework.validation.beanvalidation.LocaleContextMessageInterpolator as ValidatorFactory-scoped message interpolator.
2025-01-08 20:49:51.271 [Test worker] DEBUG o.h.v.i.e.ValidatorFactoryConfigurationHelper - HV000234: Using org.hibernate.validator.internal.engine.resolver.JPATraversableResolver as ValidatorFactory-scoped traversable resolver.
2025-01-08 20:49:51.271 [Test worker] DEBUG o.h.v.i.e.ValidatorFactoryConfigurationHelper - HV000234: Using org.hibernate.validator.internal.util.ExecutableParameterNameProvider as ValidatorFactory-scoped parameter name provider.
2025-01-08 20:49:51.273 [Test worker] DEBUG o.h.v.i.e.ValidatorFactoryConfigurationHelper - HV000234: Using org.hibernate.validator.internal.engine.DefaultClockProvider as ValidatorFactory-scoped clock provider.
2025-01-08 20:49:51.273 [Test worker] DEBUG o.h.v.i.e.ValidatorFactoryConfigurationHelper - HV000234: Using org.hibernate.validator.internal.engine.scripting.DefaultScriptEvaluatorFactory as ValidatorFactory-scoped script evaluator factory.
2025-01-08 20:49:51.274 [Test worker] DEBUG _.s.w.s.HandlerMapping.Mappings - 
	s.f.u.c.s.SkillController:
	{POST [/skill]}: create(SkillDto)
	{PUT [/skill]}: acquireSkillFromOffers(long,long)
	{GET [/skill]}: getOfferedSkills(long)
	{GET [/skill/{userId}]}: getUserSkills(long)
2025-01-08 20:49:51.275 [Test worker] DEBUG o.s.w.s.m.m.a.RequestMappingHandlerMapping - 4 mappings in org.springframework.web.servlet.mvc.method.annotation.RequestMappingHandlerMapping
2025-01-08 20:49:51.280 [Test worker] DEBUG o.s.w.s.m.m.a.RequestMappingHandlerAdapter - ControllerAdvice beans: 0 @ModelAttribute, 0 @InitBinder, 1 RequestBodyAdvice, 1 ResponseBodyAdvice
2025-01-08 20:49:51.280 [Test worker] DEBUG o.s.w.s.m.m.a.ExceptionHandlerExceptionResolver - ControllerAdvice beans: 0 @ExceptionHandler, 1 ResponseBodyAdvice
2025-01-08 20:49:51.281 [Test worker] INFO  o.s.mock.web.MockServletContext - Initializing Spring TestDispatcherServlet ''
2025-01-08 20:49:51.281 [Test worker] INFO  o.s.t.w.s.TestDispatcherServlet - Initializing Servlet ''
2025-01-08 20:49:51.281 [Test worker] DEBUG o.s.t.w.s.TestDispatcherServlet - Detected AcceptHeaderLocaleResolver
2025-01-08 20:49:51.281 [Test worker] DEBUG o.s.t.w.s.TestDispatcherServlet - Detected FixedThemeResolver
2025-01-08 20:49:51.281 [Test worker] DEBUG o.s.t.w.s.TestDispatcherServlet - Detected org.springframework.web.servlet.view.DefaultRequestToViewNameTranslator@46fdb4d
2025-01-08 20:49:51.281 [Test worker] DEBUG o.s.t.w.s.TestDispatcherServlet - Detected org.springframework.web.servlet.support.SessionFlashMapManager@68b2ce71
2025-01-08 20:49:51.281 [Test worker] DEBUG o.s.t.w.s.TestDispatcherServlet - enableLoggingRequestDetails='false': request parameters and headers will be masked to prevent unsafe logging of potentially sensitive data
2025-01-08 20:49:51.281 [Test worker] INFO  o.s.t.w.s.TestDispatcherServlet - Completed initialization in 0 ms
2025-01-08 20:49:51.379 [Test worker] INFO  s.f.u.f.r.RecommendationCreatedAfterFilter - Applying filter 'RecommendationCreatedAfterFilter'. Recommendation request CreatedAt: 2024-11-15T23:35:58, Filter CreatedAfter: 2024-11-14T23:35:58, Result: true
2025-01-08 20:49:51.381 [Test worker] INFO  s.f.u.f.r.RecommendationCreatedAfterFilter - Applying filter 'RecommendationCreatedAfterFilter'. Recommendation request CreatedAt: 2024-11-14T23:35:58, Filter CreatedAfter: 2024-11-15T23:35:58, Result: false
2025-01-08 20:49:51.382 [Test worker] INFO  s.f.u.f.r.RecommendationCreatedAfterFilter - Checking if filter 'RecommendationCreatedAfterFilter' is applicable. CreatedAfter: null, Result: false
2025-01-08 20:49:51.383 [Test worker] INFO  s.f.u.f.r.RecommendationCreatedAfterFilter - Checking if filter 'RecommendationCreatedAfterFilter' is applicable. CreatedAfter: 2025-01-08T20:49:51.383028900, Result: true
2025-01-08 20:49:51.386 [Test worker] INFO  s.f.u.f.r.RecommendationCreatedBeforeFilter - Applying filter 'RecommendationCreatedBeforeFilter'. Recommendation CreatedAt: 2024-11-14T23:35:58, Filter CreatedBefore: 2024-11-15T23:35:58, Result: true
2025-01-08 20:49:51.387 [Test worker] INFO  s.f.u.f.r.RecommendationCreatedBeforeFilter - Applying filter 'RecommendationCreatedBeforeFilter'. Recommendation CreatedAt: 2024-11-15T23:35:58, Filter CreatedBefore: 2024-11-14T23:35:58, Result: false
2025-01-08 20:49:51.388 [Test worker] INFO  s.f.u.f.r.RecommendationCreatedBeforeFilter - Checking if filter 'RecommendationCreatedBeforeFilter' is applicable. CreatedBefore: null, Result: false
2025-01-08 20:49:51.389 [Test worker] INFO  s.f.u.f.r.RecommendationCreatedBeforeFilter - Checking if filter 'RecommendationCreatedBeforeFilter' is applicable. CreatedBefore: 2025-01-08T20:49:51.389031, Result: true
2025-01-08 20:49:51.392 [Test worker] INFO  s.f.u.f.r.RecommendationStatusFilter - Applying filter 'RecommendationStatusFilter'. Recommendation Status: REJECTED, Filter Status: REJECTED, Result: true
2025-01-08 20:49:51.393 [Test worker] INFO  s.f.u.f.r.RecommendationStatusFilter - Applying filter 'RecommendationStatusFilter'. Recommendation Status: PENDING, Filter Status: REJECTED, Result: false
2025-01-08 20:49:51.395 [Test worker] INFO  s.f.u.f.r.RecommendationStatusFilter - Checking if filter 'RecommendationStatusFilter' is applicable. Status: null, Result: false
2025-01-08 20:49:51.396 [Test worker] INFO  s.f.u.f.r.RecommendationStatusFilter - Checking if filter 'RecommendationStatusFilter' is applicable. Status: REJECTED, Result: true
2025-01-08 20:49:52.387 [Test worker] ERROR s.f.u.p.m.MentorshipAcceptedEventPublisher - Error converting object MentorshipAcceptedEvent(id=1, authorId=2, receiverId=3, acceptedAt=2025-01-08T20:49:52.380746700) to JSON: N/A
2025-01-08 20:49:52.400 [Test worker] ERROR s.f.u.p.m.MentorshipStartEventPublisher - Error converting object MentorshipStartEvent(mentorId=1, menteeId=2, createdAt=2025-01-08T20:49:52.399744600) to JSON: N/A
2025-01-08 20:49:52.408 [Test worker] ERROR s.f.u.p.m.MentorshipRequestedEventPublisher - Error converting object MentorshipRequestedEvent(id=1, requesterId=2, receiverId=3, createdAt=2025-01-08T20:49:52.408745700) to JSON: N/A
2025-01-08 20:49:52.420 [Test worker] ERROR s.f.u.p.r.RecommendationEventPublisher - Error converting object RecommendationEvent(id=1, authorId=1, receiverId=1, createdAt=2025-01-08T20:49:52.416111) to JSON: N/A
2025-01-08 20:49:52.429 [Test worker] ERROR s.f.u.p.RecommendationReceivedEventPublisher - Error converting object RecommendationReceivedEvent(id=1, authorId=2, receiverId=3, content=Content, recommendationTime=2025-01-08T20:49:52.428110600) to JSON: N/A
2025-01-08 20:49:52.465 [Test worker] DEBUG o.s.test.util.ReflectionTestUtils - Setting field 'batchSize' of type [null] on target object [school.faang.user_service.scheduler.EventScheduler@7a50482c] or target class [class school.faang.user_service.scheduler.EventScheduler] to value [3]
2025-01-08 20:49:52.466 [Test worker] INFO  s.f.u.scheduler.EventScheduler - No events to delete.
2025-01-08 20:49:52.469 [Test worker] DEBUG o.s.test.util.ReflectionTestUtils - Setting field 'batchSize' of type [null] on target object [school.faang.user_service.scheduler.EventScheduler@2dda3edf] or target class [class school.faang.user_service.scheduler.EventScheduler] to value [3]
2025-01-08 20:49:52.469 [Test worker] DEBUG o.s.test.util.ReflectionTestUtils - Setting field 'batchSize' of type [null] on target object [school.faang.user_service.scheduler.EventScheduler@2dda3edf] or target class [class school.faang.user_service.scheduler.EventScheduler] to value [1]
2025-01-08 20:49:52.471 [Test worker] INFO  s.f.u.scheduler.EventScheduler - Starting clearing events...
2025-01-08 20:49:52.473 [ForkJoinPool.commonPool-worker-1] DEBUG s.f.u.scheduler.EventScheduler - Event deleted
2025-01-08 20:49:52.474 [ForkJoinPool.commonPool-worker-2] DEBUG s.f.u.scheduler.EventScheduler - Event deleted
2025-01-08 20:49:52.477 [ForkJoinPool.commonPool-worker-3] DEBUG s.f.u.scheduler.EventScheduler - Event deleted
2025-01-08 20:49:52.477 [ForkJoinPool.commonPool-worker-3] INFO  s.f.u.scheduler.EventScheduler - Past events deleted.
2025-01-08 20:49:53.692 [Test worker] WARN  s.f.u.service.event.EventService - not found such event by id:1
2025-01-08 20:49:53.701 [Test worker] INFO  s.f.u.service.event.EventService - event success updated Event(id=1, title=null, description=null, startDate=null, endDate=null, location=null, maxAttendees=0, attendees=null, ratings=null, owner=User(id=1, username=null, email=null, phone=null, password=null, active=false, aboutMe=null, country=null, city=null, experience=null, createdAt=null, updatedAt=null, followers=null, followees=null, ownedEvents=null, mentees=null, mentors=null, receivedMentorshipRequests=null, sentMentorshipRequests=null, sentGoalInvitations=null, receivedGoalInvitations=null, setGoals=null, goals=null, skills=null, participatedEvents=null, recommendationsGiven=null, recommendationsReceived=null, contacts=null, ratings=null, userProfilePic=null, contactPreference=null, premium=null, rankScore=null, banned=false), relatedSkills=[Skill(id=1, title=programming, users=null, guarantees=null, events=null, goals=null, createdAt=null, updatedAt=null), Skill(id=2, title=Spring, users=null, guarantees=null, events=null, goals=null, createdAt=null, updatedAt=null)], type=null, status=null, createdAt=null, updatedAt=null)
2025-01-08 20:49:53.744 [Test worker] ERROR s.f.u.service.event.EventService - creating event wasn't successfully EventDto(id=null, title=null, startDate=null, endDate=null, ownerId=1, description=null, relatedSkills=[SkillDto(id=1, title=programming)], location=null, maxAttendees=null)
2025-01-08 20:49:53.755 [Test worker] WARN  s.f.u.service.event.EventService - not such event by id: 1
2025-01-08 20:49:53.759 [Test worker] INFO  s.f.u.service.event.EventService - get PARTICIPATED events: [EventDto(id=1, title=null, startDate=null, endDate=null, ownerId=null, description=null, relatedSkills=null, location=null, maxAttendees=0)], by userId: 1
2025-01-08 20:49:53.763 [Test worker] WARN  s.f.u.service.event.EventService - not found such event by id:2
2025-01-08 20:49:53.766 [Test worker] INFO  s.f.u.service.event.EventService - got OWNED events: [EventDto(id=1, title=null, startDate=null, endDate=null, ownerId=null, description=null, relatedSkills=null, location=null, maxAttendees=0)], by userId: 1
2025-01-08 20:49:53.770 [Test worker] INFO  s.f.u.service.event.EventService - success get event dto: EventDto(id=1, title=null, startDate=null, endDate=null, ownerId=null, description=null, relatedSkills=null, location=null, maxAttendees=0)
2025-01-08 20:49:53.774 [Test worker] INFO  s.f.u.service.event.EventService - event success created Event(id=0, title=null, description=null, startDate=null, endDate=null, location=null, maxAttendees=0, attendees=null, ratings=null, owner=User(id=1, username=null, email=null, phone=null, password=null, active=false, aboutMe=null, country=null, city=null, experience=null, createdAt=null, updatedAt=null, followers=null, followees=null, ownedEvents=null, mentees=null, mentors=null, receivedMentorshipRequests=null, sentMentorshipRequests=null, sentGoalInvitations=null, receivedGoalInvitations=null, setGoals=null, goals=null, skills=null, participatedEvents=null, recommendationsGiven=null, recommendationsReceived=null, contacts=null, ratings=null, userProfilePic=null, contactPreference=null, premium=null, rankScore=null, banned=false), relatedSkills=[Skill(id=1, title=programming, users=null, guarantees=null, events=null, goals=null, createdAt=null, updatedAt=null), Skill(id=2, title=Spring, users=null, guarantees=null, events=null, goals=null, createdAt=null, updatedAt=null)], type=null, status=null, createdAt=null, updatedAt=null)
2025-01-08 20:49:53.778 [Test worker] INFO  s.f.u.service.event.EventService - get event filters EventFilterDto(titlePattern=social media, userId=null, dateTime=null)
2025-01-08 20:49:53.780 [Test worker] INFO  s.f.u.service.event.EventService - got events by filter: [EventDto(id=0, title=social media startup, startDate=null, endDate=null, ownerId=null, description=null, relatedSkills=null, location=null, maxAttendees=0)]
2025-01-08 20:49:53.784 [Test worker] ERROR s.f.u.service.event.EventService - creating event wasn't successfully EventDto(id=null, title=null, startDate=null, endDate=null, ownerId=1, description=null, relatedSkills=[SkillDto(id=1, title=programming)], location=null, maxAttendees=null)
2025-01-08 20:49:53.787 [Test worker] INFO  s.f.u.service.event.EventService - success deleted event by id: Event(id=1, title=null, description=null, startDate=null, endDate=null, location=null, maxAttendees=0, attendees=null, ratings=null, owner=null, relatedSkills=null, type=null, status=null, createdAt=null, updatedAt=null)
2025-01-08 20:49:54.097 [Test worker] INFO  s.f.u.service.premium.PremiumService - sending request to payment service api PaymentRequest[paymentNumber=1, amount=10, currency=USD]
2025-01-08 20:49:54.102 [Test worker] INFO  s.f.u.service.premium.PremiumService - response <200 OK OK,PaymentResponse[status=SUCCESS, verificationCode=0, paymentNumber=0, amount=null, currency=null, message=null],[]> from payment service to request PaymentRequest[paymentNumber=1, amount=10, currency=USD]
2025-01-08 20:49:54.103 [Test worker] INFO  s.f.u.service.premium.PremiumService - premium entity (entityID:0) saved success
2025-01-08 20:49:54.105 [Test worker] INFO  s.f.u.service.premium.PremiumService - sending request to payment service api PaymentRequest[paymentNumber=1, amount=10, currency=USD]
2025-01-08 20:49:54.106 [Test worker] INFO  s.f.u.service.premium.PremiumService - response <400 BAD_REQUEST Bad Request,PaymentResponse[status=ERROR, verificationCode=0, paymentNumber=0, amount=null, currency=null, message=null],[]> from payment service to request PaymentRequest[paymentNumber=1, amount=10, currency=USD]
2025-01-08 20:49:54.106 [Test worker] ERROR s.f.u.service.premium.PremiumService - payment wasn't success, cause: null
2025-01-08 20:49:54.108 [Test worker] ERROR s.f.u.service.premium.PremiumService - User not found
2025-01-08 20:49:54.111 [Test worker] ERROR s.f.u.service.premium.PremiumService - Already have premium period
2025-01-08 20:49:54.280 [Test worker] INFO  s.f.u.s.r.RecommendationRequestService - Start processing getRequest for ID: 1
2025-01-08 20:49:54.286 [Test worker] INFO  s.f.u.s.r.RecommendationRequestService - Completed processing getRequest for ID: 1. Result: RecommendationRequestDto(id=1, message=null, status=null, skillIds=null, requesterId=null, receiverId=null, createdAt=null, updatedAt=null)
2025-01-08 20:49:54.296 [Test worker] INFO  s.f.u.s.r.RecommendationRequestService - Start processing rejectRequest for ID: 1 with Rejection: RejectionDto(reason=TEST)
2025-01-08 20:49:54.301 [Test worker] INFO  s.f.u.s.r.RecommendationRequestService - Completed processing rejectRequest for ID: 1. Result: RecommendationRequestDto(id=1, message=null, status=REJECTED, skillIds=[], requesterId=null, receiverId=null, createdAt=null, updatedAt=null)
2025-01-08 20:49:54.333 [Test worker] INFO  s.f.u.s.r.RecommendationRequestService - Start processing getRequests with filter: RequestFilterDto(id=null, requesterId=null, receiverId=null, status=null, createdAfter=null, createdBefore=null, updatedAfter=null, updatedBefore=null, skillIds=null, messageContains=null, rejectionReasonContains=null)
2025-01-08 20:49:54.377 [Test worker] INFO  s.f.u.s.r.RecommendationRequestService - Completed processing getRequests. Filtered results count: 2
2025-01-08 20:49:54.394 [Test worker] INFO  s.f.u.s.r.RecommendationRequestService - Start creating RecommendationRequest: RecommendationRequestDto(id=1, message=null, status=null, skillIds=[1, 2], requesterId=2, receiverId=3, createdAt=null, updatedAt=null)
2025-01-08 20:49:54.407 [Test worker] INFO  s.f.u.s.r.RecommendationRequestService - The null was created in the database
2025-01-08 20:49:54.425 [Test worker] INFO  s.f.u.s.r.RecommendationRequestService - Start processing rejectRequest for ID: 1 with Rejection: RejectionDto(reason=null)
2025-01-08 20:49:54.435 [Test worker] INFO  s.f.u.s.r.RecommendationRequestService - Start processing rejectRequest for ID: 1 with Rejection: RejectionDto(reason=null)
2025-01-08 20:49:54.455 [Test worker] INFO  s.f.u.s.r.RecommendationRequestService - Start processing getRequest for ID: 1
2025-01-08 20:49:54.823 [Test worker] ERROR s.f.u.service.skill.SkillService -   .
2025-01-08 20:49:55.632 [Test worker] INFO  s.f.u.service.user.BannerService - user ban started! user ids: [1, 2]
2025-01-08 20:49:55.633 [Test worker] INFO  s.f.u.service.user.BannerService - users success banned
2025-01-08 20:49:55.636 [Test worker] INFO  s.f.u.service.user.BannerService - user ban started! user ids: [1]
2025-01-08 20:49:55.636 [Test worker] INFO  s.f.u.service.user.BannerService - users by ids: [1], not found!
2025-01-08 20:49:55.640 [Test worker] INFO  s.f.u.service.user.BannerService - users success banned
2025-01-08 20:49:55.865 [Test worker] INFO  s.f.u.service.user.UserService - batch is starting UpdateUsersRankDto(usersRankByIds={1=1.0, 2=2.0, 3=3.0, 4=4.0, 5=5.0, 6=6.0, 7=7.0, 8=8.0, 9=9.0, 10=10.0, 11=11.0, 12=12.0, 13=13.0, 14=14.0, 15=15.0, 16=16.0, 17=17.0, 18=18.0, 19=19.0, 20=20.0, 21=21.0, 22=22.0, 23=23.0, 24=24.0, 25=25.0, 26=26.0, 27=27.0, 28=28.0, 29=29.0, 30=30.0, 31=31.0, 32=32.0, 33=33.0, 34=34.0, 35=35.0, 36=36.0, 37=37.0, 38=38.0, 39=39.0, 40=40.0, 41=41.0, 42=42.0, 43=43.0, 44=44.0, 45=45.0, 46=46.0, 47=47.0, 48=48.0, 49=49.0, 50=50.0, 51=51.0, 52=52.0, 53=53.0, 54=54.0, 55=55.0, 56=56.0, 57=57.0, 58=58.0, 59=59.0, 60=60.0}, maximumGrowthRating=9.9, halfUserRank=50.0, maximumUserRating=100.0, minimumUserRating=0.0, ratingGrowthIntensive=0.05)
2025-01-08 20:49:55.974 [Test worker] INFO  s.f.u.service.user.UserService - users rank success updated!
2025-01-08 20:49:56.206 [Test worker] INFO  s.f.u.service.user.UserService - upload csv file: students.csv starting
2025-01-08 20:49:56.376 [Test worker] INFO  s.f.u.service.user.UserService - success saved all users form file
2025-01-08 20:49:56.378 [Test worker] INFO  s.f.u.service.user.UserService - batch is starting UpdateUsersRankDto(usersRankByIds={3=0.0, 1=10.555, 2=20.123}, maximumGrowthRating=9.9, halfUserRank=50.0, maximumUserRating=100.0, minimumUserRating=0.0, ratingGrowthIntensive=0.05)
2025-01-08 20:49:56.379 [Test worker] INFO  s.f.u.service.user.UserService - users rank success updated!
2025-01-08 20:49:56.387 [Test worker] INFO  s.f.u.service.user.UserService - batch is starting UpdateUsersRankDto(usersRankByIds={2=15.0, 1=10.0}, maximumGrowthRating=9.9, halfUserRank=50.0, maximumUserRating=100.0, minimumUserRating=0.0, ratingGrowthIntensive=0.05)
2025-01-08 20:49:56.388 [Test worker] INFO  s.f.u.service.user.UserService - users rank success updated!
2025-01-08 20:49:56.635 [Test worker] INFO  s.f.u.v.r.RecommendationRequestServiceValidator - Start validation: six-month request limit. Requester ID: 1, Receiver ID: 2
2025-01-08 20:49:56.637 [Test worker] INFO  s.f.u.v.r.RecommendationRequestServiceValidator - Start validation: requester and receiver exist in database. Requester ID: 1, Receiver ID: 2
2025-01-08 20:49:56.639 [Test worker] INFO  s.f.u.v.r.RecommendationRequestServiceValidator - Start validation: requester and receiver exist in database. Requester ID: 1, Receiver ID: null
2025-01-08 20:49:56.641 [Test worker] INFO  s.f.u.v.r.RecommendationRequestServiceValidator - Start validation: all skills exist in database. Skill IDs: [1, 2]
